<?xml version="1.0" encoding="UTF-8"?>
<!-- Generated by org.testng.reporters.JUnitReportReporter -->
<testsuite hostname="E0841685" failures="0" tests="2" name="Tests.RegisterTest" time="18.450" errors="0" timestamp="2022-12-18T11:49:34 EET" skipped="0">
  <testcase classname="Tests.RegisterTest" name="signUpValidationSuccess" time="16.854"/>
  <system-out/>
  <testcase classname="Tests.RegisterTest" name="signUpWithExistingEmail" time="1.596"/>
  <system-out/>
</testsuite> <!-- Tests.RegisterTest -->
